FAIL | Ordered/100 | FAIL: Timeout/Crash | Out:/tmp/fve_qaGWCp/out_1.txt
FAIL | Set/10000 | FAIL: Timeout/Crash | Out:/tmp/fve_qaGWCp/out_2.txt
FAIL | Stdin/100 | FAIL: Timeout/Crash | Out:/tmp/fve_qaGWCp/out_3.txt
FAIL | Exact-Lines/10000 | FAIL: Timeout/Crash | Out:/tmp/fve_qaGWCp/out_4.txt
FAIL | Workers/1-4 | FAIL: Timeout/Crash | Out:/tmp/fve_qaGWCp/out_5.txt
FAIL | Byte-Mode/Small | FAIL: Timeout/Crash | Out:/tmp/fve_qaGWCp/out_6.txt
FAIL | UMA/10000 | FAIL: Timeout/Crash | Out:/tmp/fve_qaGWCp/out_7.txt
FAIL | Oversubscribe/4-Node | FAIL: Timeout/Crash | Out:/tmp/fve_qaGWCp/out_8.txt
FAIL | Delim-PIPE | FAIL: Timeout/Crash | Out:/tmp/fve_qaGWCp/out_9.txt
FAIL | Delim-NULL | FAIL: Timeout/Crash | Out:/tmp/fve_qaGWCp/out_10.txt
FAIL | Stress/64W | FAIL: Timeout/Crash | Out:/tmp/fve_qaGWCp/out_11.txt
FAIL | Churn/L5 | FAIL: Timeout/Crash | Out:/tmp/fve_qaGWCp/out_12.txt
FAIL | Limit-50 Timeout
FAIL | Ordered/100 | FAIL: Timeout/Crash | Out:/tmp/fve_ZoKyiO/out_1.txt
FAIL | Set/10000 | FAIL: Timeout/Crash | Out:/tmp/fve_ZoKyiO/out_2.txt
FAIL | Stdin/100 | FAIL: Timeout/Crash | Out:/tmp/fve_ZoKyiO/out_3.txt
FAIL | Exact-Lines/10000 | FAIL: Timeout/Crash | Out:/tmp/fve_ZoKyiO/out_4.txt
FAIL | Workers/1-4 | FAIL: Timeout/Crash | Out:/tmp/fve_ZoKyiO/out_5.txt
FAIL | Byte-Mode/Small | FAIL: Timeout/Crash | Out:/tmp/fve_ZoKyiO/out_6.txt
FAIL | UMA/10000 | FAIL: Timeout/Crash | Out:/tmp/fve_ZoKyiO/out_7.txt
FAIL | Oversubscribe/4-Node | FAIL: Timeout/Crash | Out:/tmp/fve_ZoKyiO/out_8.txt
FAIL | Delim-PIPE | FAIL: Timeout/Crash | Out:/tmp/fve_ZoKyiO/out_9.txt
FAIL | Delim-NULL | FAIL: Timeout/Crash | Out:/tmp/fve_ZoKyiO/out_10.txt
FAIL | Stress/64W | FAIL: Timeout/Crash | Out:/tmp/fve_ZoKyiO/out_11.txt
FAIL | Churn/L5 | FAIL: Timeout/Crash | Out:/tmp/fve_ZoKyiO/out_12.txt
FAIL | Limit-50 Timeout
FAIL | Ordered/100 | FAIL: Timeout/Crash | Out:/tmp/fve_WZmYWz/out_1.txt
FAIL | Set/10000 | FAIL: Timeout/Crash | Out:/tmp/fve_WZmYWz/out_2.txt
FAIL | Stdin/100 | FAIL: Timeout/Crash | Out:/tmp/fve_WZmYWz/out_3.txt
FAIL | Exact-Lines/10000 | FAIL: Timeout/Crash | Out:/tmp/fve_WZmYWz/out_4.txt
FAIL | Workers/1-4 | FAIL: Timeout/Crash | Out:/tmp/fve_WZmYWz/out_5.txt
FAIL | Byte-Mode/Small | FAIL: Timeout/Crash | Out:/tmp/fve_WZmYWz/out_6.txt
FAIL | UMA/10000 | FAIL: Timeout/Crash | Out:/tmp/fve_WZmYWz/out_7.txt
FAIL | Oversubscribe/4-Node | FAIL: Timeout/Crash | Out:/tmp/fve_WZmYWz/out_8.txt
FAIL | Delim-PIPE | FAIL: Timeout/Crash | Out:/tmp/fve_WZmYWz/out_9.txt
FAIL | Delim-NULL | FAIL: Timeout/Crash | Out:/tmp/fve_WZmYWz/out_10.txt
FAIL | Stress/64W | FAIL: Timeout/Crash | Out:/tmp/fve_WZmYWz/out_11.txt
FAIL | Churn/L5 | FAIL: Timeout/Crash | Out:/tmp/fve_WZmYWz/out_12.txt
FAIL | Limit-50 Timeout
FAIL | Ordered/100 | FAIL: Timeout/Crash | Out:/tmp/fve_sJFV03/out_1.txt
FAIL | Set/10000 | FAIL: Timeout/Crash | Out:/tmp/fve_sJFV03/out_2.txt
FAIL | Stdin/100 | FAIL: Timeout/Crash | Out:/tmp/fve_sJFV03/out_3.txt
FAIL | Exact-Lines/10000 | FAIL: Timeout/Crash | Out:/tmp/fve_sJFV03/out_4.txt
FAIL | Workers/1-4 | FAIL: Timeout/Crash | Out:/tmp/fve_sJFV03/out_5.txt
FAIL | Byte-Mode/Small | FAIL: Timeout/Crash | Out:/tmp/fve_sJFV03/out_6.txt
FAIL | UMA/10000 | FAIL: Timeout/Crash | Out:/tmp/fve_sJFV03/out_7.txt
FAIL | Oversubscribe/4-Node | FAIL: Timeout/Crash | Out:/tmp/fve_sJFV03/out_8.txt
FAIL | Delim-PIPE | FAIL: Timeout/Crash | Out:/tmp/fve_sJFV03/out_9.txt
FAIL | Delim-NULL | FAIL: Timeout/Crash | Out:/tmp/fve_sJFV03/out_10.txt
FAIL | Stress/64W | FAIL: Timeout/Crash | Out:/tmp/fve_sJFV03/out_11.txt
FAIL | Churn/L5 | FAIL: Timeout/Crash | Out:/tmp/fve_sJFV03/out_12.txt
FAIL | Limit-50 Timeout
